[www.betino.win/index.html]
[backblue.gif]
[fade.gif]
[index.html]
[www.betino.win/favicon31dc.png]
[www.betino.win/js/aboutMerchant31dc.js]
[www.betino.win/js/encrypt31dc.js]
[www.betino.win/js/chunk-web-view.26a38fae.js]
[www.betino.win/js/chunk-vendors.b0dca72b.js]
[www.betino.win/css/chunk-web-view.2757029e.css]
[www.betino.win/js/index.086cdf36.js]
[www.betino.win/css/chunk-vendors.afa4c923.css]
[www.betino.win/index.html]
[www.betino.win/css/chunk-web-view.2757029e.css]
[www.betino.win/css/chunk-vendors.afa4c923.css]
[www.betino.win/css/index.313eea95.css]
[www.betino.win/img/common-bg.e48f11a5.jpg]
[www.betino.win/img/notice-speaker.915769ed.png]
[www.betino.win/img/vendor-icon-hover.0f3d059b.png]
[www.betino.win/img/vendor-bg.4b4b287f.png]
[www.betino.win/img/vendor-icon.30297e3c.png]
[www.betino.win/img/home-game-menu-btn.e7bdfbaa.png]
[www.betino.win/img/home-game-bg.12cfd1dd.png]
[www.betino.win/css/index.313eea95.css]
